#
# There is insufficient memory for the Java Runtime Environment to continue.
# Native memory allocation (malloc) failed to allocate 1048576 bytes. Error detail: AllocateHeap
# Possible reasons:
#   The system is out of physical RAM or swap space
#   This process is running with CompressedOops enabled, and the Java Heap may be blocking the growth of the native heap
# Possible solutions:
#   Reduce memory load on the system
#   Increase physical memory or swap space
#   Check if swap backing store is full
#   Decrease Java heap size (-Xmx/-Xms)
#   Decrease number of Java threads
#   Decrease Java thread stack sizes (-Xss)
#   Set larger code cache with -XX:ReservedCodeCacheSize=
#   JVM is running with Unscaled Compressed Oops mode in which the Java heap is
#     placed in the first 4GB address space. The Java Heap base address is the
#     maximum limit for the native heap growth. Please use -XX:HeapBaseMinAddress
#     to set the Java Heap base and to place the Java Heap above 4GB virtual address.
# This output file may be truncated or incomplete.
#
#  Out of Memory Error (allocation.cpp:44), pid=20392, tid=16240
#
# JRE version: OpenJDK Runtime Environment Temurin-21.0.9+10 (21.0.9+10) (build 21.0.9+10-LTS)
# Java VM: OpenJDK 64-Bit Server VM Temurin-21.0.9+10 (21.0.9+10-LTS, mixed mode, sharing, tiered, compressed oops, compressed class ptrs, parallel gc, windows-amd64)
# No core dump will be written. Minidumps are not enabled by default on client versions of Windows
#

---------------  S U M M A R Y ------------

Command Line: --add-modules=ALL-SYSTEM --add-opens=java.base/java.util=ALL-UNNAMED --add-opens=java.base/java.lang=ALL-UNNAMED --add-opens=java.base/sun.nio.fs=ALL-UNNAMED -Declipse.application=org.eclipse.jdt.ls.core.id1 -Dosgi.bundles.defaultStartLevel=4 -Declipse.product=org.eclipse.jdt.ls.core.product -Djava.import.generatesMetadataFilesAtProjectRoot=false -DDetectVMInstallationsJob.disabled=true -Dfile.encoding=utf8 -XX:+UseParallelGC -XX:GCTimeRatio=4 -XX:AdaptiveSizePolicyWeight=90 -Dsun.zip.disableMemoryMapping=true -Xmx2G -Xms100m -Xlog:disable -javaagent:c:\Users\Dhruvi\.antigravity\extensions\redhat.java-1.52.0-win32-x64\lombok\lombok-1.18.39-4050.jar -XX:+HeapDumpOnOutOfMemoryError -XX:HeapDumpPath=c:\Users\Dhruvi\AppData\Roaming\Antigravity\User\workspaceStorage\0adceaf5c8a071a91429f55dcf203c6a\redhat.java -Daether.dependencyCollector.impl=bf c:\Users\Dhruvi\.antigravity\extensions\redhat.java-1.52.0-win32-x64\server\plugins\org.eclipse.equinox.launcher_1.7.100.v20251111-0406.jar -configuration c:\Users\Dhruvi\AppData\Roaming\Antigravity\User\globalStorage\redhat.java\1.52.0\config_win -data c:\Users\Dhruvi\AppData\Roaming\Antigravity\User\workspaceStorage\0adceaf5c8a071a91429f55dcf203c6a\redhat.java\jdt_ws --pipe=\\.\pipe\lsp-98b47285facf30498c6b48e103048f31-sock

Host: 13th Gen Intel(R) Core(TM) i5-1335U, 12 cores, 15G,  Windows 11 , 64 bit Build 26100 (10.0.26100.7705)
Time: Fri Feb 20 14:18:54 2026 India Standard Time elapsed time: 5663.859165 seconds (0d 1h 34m 23s)

---------------  T H R E A D  ---------------

Current thread (0x000001f4ea58a460):  JavaThread "Attach Listener" daemon [_thread_in_vm, id=16240, stack(0x0000001739800000,0x0000001739900000) (1024K)]

Stack: [0x0000001739800000,0x0000001739900000]
Native frames: (J=compiled Java code, j=interpreted, Vv=VM code, C=native code)
V  [jvm.dll+0x6d6e29]
V  [jvm.dll+0x8b4b76]
V  [jvm.dll+0x8b712e]
V  [jvm.dll+0x8b7813]
V  [jvm.dll+0x283d86]
V  [jvm.dll+0xc1277]
V  [jvm.dll+0x6d76d9]
V  [jvm.dll+0x133466]
V  [jvm.dll+0x3f7ea6]
V  [jvm.dll+0x85e9ad]
V  [jvm.dll+0x6d565d]
C  [ucrtbase.dll+0x37b0]
C  [KERNEL32.DLL+0x2e8d7]
C  [ntdll.dll+0x8c40c]


---------------  P R O C E S S  ---------------

Threads class SMR info:
_java_thread_list=0x000001f4f3c79fa0, length=50, elements={
0x000001f4d1cbd640, 0x000001f4ea5844b0, 0x000001f4ea5852c0, 0x000001f4ea587f20,
0x000001f4ea58a460, 0x000001f4ea5aeb90, 0x000001f4ea5b3b80, 0x000001f4ea5b6be0,
0x000001f4ea5bce10, 0x000001f4ea5b1ab0, 0x000001f4ea5b2140, 0x000001f4ea5b2e60,
0x000001f4ea5b27d0, 0x000001f4ea5b0d90, 0x000001f4ea5b1420, 0x000001f4ea5b34f0,
0x000001f4ea5b0700, 0x000001f4ef117be0, 0x000001f4ef116ec0, 0x000001f4ef117550,
0x000001f4ef118f90, 0x000001f4ef118900, 0x000001f4ef119620, 0x000001f4ef11c410,
0x000001f4ef119cb0, 0x000001f4ef11b060, 0x000001f4ef11a9d0, 0x000001f4ef11a340,
0x000001f4ef11b6f0, 0x000001f4ef11bd80, 0x000001f4f1f293c0, 0x000001f4f1f29a50,
0x000001f4f1f2a0e0, 0x000001f4f1f2a770, 0x000001f4f1f2ae00, 0x000001f4f1f27980,
0x000001f4f1f2e910, 0x000001f4f2607ab0, 0x000001f4f2604cc0, 0x000001f4f2606d90,
0x000001f4f2606700, 0x000001f4f26087d0, 0x000001f4f2605350, 0x000001f4f2609b80,
0x000001f4f260c2e0, 0x000001f4f260a210, 0x000001f4f260a8a0, 0x000001f4f260b5c0,
0x000001f4f260bc50, 0x000001f4f2608e60
}

Java Threads: ( => current thread )
  0x000001f4d1cbd640 JavaThread "main"                              [_thread_blocked, id=13516, stack(0x0000001739100000,0x0000001739200000) (1024K)]
  0x000001f4ea5844b0 JavaThread "Reference Handler"          daemon [_thread_blocked, id=4756, stack(0x0000001739500000,0x0000001739600000) (1024K)]
  0x000001f4ea5852c0 JavaThread "Finalizer"                  daemon [_thread_blocked, id=23188, stack(0x0000001739600000,0x0000001739700000) (1024K)]
  0x000001f4ea587f20 JavaThread "Signal Dispatcher"          daemon [_thread_blocked, id=19232, stack(0x0000001739700000,0x0000001739800000) (1024K)]
=>0x000001f4ea58a460 JavaThread "Attach Listener"            daemon [_thread_in_vm, id=16240, stack(0x0000001739800000,0x0000001739900000) (1024K)]
  0x000001f4ea5aeb90 JavaThread "Service Thread"             daemon [_thread_blocked, id=24876, stack(0x0000001739900000,0x0000001739a00000) (1024K)]
  0x000001f4ea5b3b80 JavaThread "Monitor Deflation Thread"   daemon [_thread_blocked, id=31360, stack(0x0000001739a00000,0x0000001739b00000) (1024K)]
  0x000001f4ea5b6be0 JavaThread "C2 CompilerThread0"         daemon [_thread_blocked, id=17660, stack(0x0000001739b00000,0x0000001739c00000) (1024K)]
  0x000001f4ea5bce10 JavaThread "C1 CompilerThread0"         daemon [_thread_blocked, id=10032, stack(0x0000001739c00000,0x0000001739d00000) (1024K)]
  0x000001f4ea5b1ab0 JavaThread "Common-Cleaner"             daemon [_thread_blocked, id=20036, stack(0x0000001739e00000,0x0000001739f00000) (1024K)]
  0x000001f4ea5b2140 JavaThread "Notification Thread"        daemon [_thread_blocked, id=18696, stack(0x0000001739f00000,0x000000173a000000) (1024K)]
  0x000001f4ea5b2e60 JavaThread "Active Thread: Equinox Container: 48ef4a2c-a2fd-4bca-8abd-387c815bfae4"        [_thread_blocked, id=5532, stack(0x000000173a700000,0x000000173a800000) (1024K)]
  0x000001f4ea5b27d0 JavaThread "Refresh Thread: Equinox Container: 48ef4a2c-a2fd-4bca-8abd-387c815bfae4" daemon [_thread_blocked, id=26444, stack(0x000000173a000000,0x000000173a100000) (1024K)]
  0x000001f4ea5b0d90 JavaThread "Framework Event Dispatcher: Equinox Container: 48ef4a2c-a2fd-4bca-8abd-387c815bfae4" daemon [_thread_blocked, id=15204, stack(0x000000173a800000,0x000000173a900000) (1024K)]
  0x000001f4ea5b1420 JavaThread "Start Level: Equinox Container: 48ef4a2c-a2fd-4bca-8abd-387c815bfae4" daemon [_thread_blocked, id=3912, stack(0x000000173a900000,0x000000173aa00000) (1024K)]
  0x000001f4ea5b34f0 JavaThread "Bundle File Closer"         daemon [_thread_blocked, id=18068, stack(0x000000173ac00000,0x000000173ad00000) (1024K)]
  0x000001f4ea5b0700 JavaThread "SCR Component Actor"        daemon [_thread_blocked, id=29960, stack(0x000000173ad00000,0x000000173ae00000) (1024K)]
  0x000001f4ef117be0 JavaThread "Worker-JM"                         [_thread_blocked, id=21680, stack(0x000000173b000000,0x000000173b100000) (1024K)]
  0x000001f4ef116ec0 JavaThread "JNA Cleaner"                daemon [_thread_blocked, id=26700, stack(0x000000173ae00000,0x000000173af00000) (1024K)]
  0x000001f4ef117550 JavaThread "Java indexing"              daemon [_thread_blocked, id=9104, stack(0x000000173b400000,0x000000173b500000) (1024K)]
  0x000001f4ef118f90 JavaThread "Thread-1"                   daemon [_thread_in_native, id=29576, stack(0x000000173bb00000,0x000000173bc00000) (1024K)]
  0x000001f4ef118900 JavaThread "Thread-2"                   daemon [_thread_in_native, id=25976, stack(0x000000173bc00000,0x000000173bd00000) (1024K)]
  0x000001f4ef119620 JavaThread "Thread-3"                   daemon [_thread_in_native, id=28860, stack(0x000000173bd00000,0x000000173be00000) (1024K)]
  0x000001f4ef11c410 JavaThread "Thread-4"                   daemon [_thread_in_native, id=28340, stack(0x000000173be00000,0x000000173bf00000) (1024K)]
  0x000001f4ef119cb0 JavaThread "Thread-5"                   daemon [_thread_in_native, id=31476, stack(0x000000173bf00000,0x000000173c000000) (1024K)]
  0x000001f4ef11b060 JavaThread "Thread-6"                   daemon [_thread_in_native, id=18236, stack(0x000000173c000000,0x000000173c100000) (1024K)]
  0x000001f4ef11a9d0 JavaThread "Thread-7"                   daemon [_thread_in_native, id=1880, stack(0x000000173c100000,0x000000173c200000) (1024K)]
  0x000001f4ef11a340 JavaThread "Thread-8"                   daemon [_thread_in_native, id=21344, stack(0x000000173c200000,0x000000173c300000) (1024K)]
  0x000001f4ef11b6f0 JavaThread "Thread-9"                   daemon [_thread_in_native, id=14428, stack(0x000000173c300000,0x000000173c400000) (1024K)]
  0x000001f4ef11bd80 JavaThread "Thread-10"                  daemon [_thread_in_native, id=21176, stack(0x000000173c400000,0x000000173c500000) (1024K)]
  0x000001f4f1f293c0 JavaThread "Thread-11"                  daemon [_thread_in_native, id=24840, stack(0x000000173c500000,0x000000173c600000) (1024K)]
  0x000001f4f1f29a50 JavaThread "Thread-12"                  daemon [_thread_in_native, id=23120, stack(0x000000173c600000,0x000000173c700000) (1024K)]
  0x000001f4f1f2a0e0 JavaThread "Thread-13"                  daemon [_thread_in_native, id=26160, stack(0x000000173c700000,0x000000173c800000) (1024K)]
  0x000001f4f1f2a770 JavaThread "pool-2-thread-1"                   [_thread_blocked, id=4892, stack(0x000000173c800000,0x000000173c900000) (1024K)]
  0x000001f4f1f2ae00 JavaThread "WorkspaceEventsHandler"            [_thread_blocked, id=3236, stack(0x000000173c900000,0x000000173ca00000) (1024K)]
  0x000001f4f1f27980 JavaThread "pool-1-thread-1"                   [_thread_blocked, id=8524, stack(0x000000173ca00000,0x000000173cb00000) (1024K)]
  0x000001f4f1f2e910 JavaThread "Timer-0"                           [_thread_blocked, id=13476, stack(0x000000173d500000,0x000000173d600000) (1024K)]
  0x000001f4f2607ab0 JavaThread "Worker-6"                          [_thread_blocked, id=29148, stack(0x0000001739000000,0x0000001739100000) (1024K)]
  0x000001f4f2604cc0 JavaThread "Worker-8"                          [_thread_blocked, id=28096, stack(0x0000001738f00000,0x0000001739000000) (1024K)]
  0x000001f4f2606d90 JavaThread "Compiler Source File Reader" daemon [_thread_blocked, id=28740, stack(0x000000173af00000,0x000000173b000000) (1024K)]
  0x000001f4f2606700 JavaThread "Compiler Source File Reader" daemon [_thread_blocked, id=13020, stack(0x000000173b100000,0x000000173b200000) (1024K)]
  0x000001f4f26087d0 JavaThread "Compiler Processing Task"   daemon [_thread_blocked, id=23128, stack(0x000000173b200000,0x000000173b300000) (1024K)]
  0x000001f4f2605350 JavaThread "Worker-9"                          [_thread_blocked, id=20868, stack(0x0000001738e00000,0x0000001738f00000) (1024K)]
  0x000001f4f2609b80 JavaThread "Compiler Source File Reader" daemon [_thread_blocked, id=4292, stack(0x000000173b300000,0x000000173b400000) (1024K)]
  0x000001f4f260c2e0 JavaThread "Compiler Source File Reader" daemon [_thread_blocked, id=13880, stack(0x000000173b500000,0x000000173b600000) (1024K)]
  0x000001f4f260a210 JavaThread "Compiler Source File Reader" daemon [_thread_blocked, id=24648, stack(0x000000173b600000,0x000000173b700000) (1024K)]
  0x000001f4f260a8a0 JavaThread "Compiler Source File Reader" daemon [_thread_blocked, id=28132, stack(0x000000173b700000,0x000000173b800000) (1024K)]
  0x000001f4f260b5c0 JavaThread "Compiler Source File Reader" daemon [_thread_blocked, id=31600, stack(0x000000173b800000,0x000000173b900000) (1024K)]
  0x000001f4f260bc50 JavaThread "Compiler Source File Reader" daemon [_thread_blocked, id=29720, stack(0x000000173b900000,0x000000173ba00000) (1024K)]
  0x000001f4f2608e60 JavaThread "Compiler Source File Reader" daemon [_thread_blocked, id=11812, stack(0x000000173ba00000,0x000000173bb00000) (1024K)]
Total: 50

Other Threads:
  0x000001f4d1c52e60 VMThread "VM Thread"                           [id=30048, stack(0x0000001739400000,0x0000001739500000) (1024K)]
  0x000001f4d1b4ca00 WatcherThread "VM Periodic Task Thread"        [id=27072, stack(0x0000001739300000,0x0000001739400000) (1024K)]
  0x000001f4d1cdb9b0 WorkerThread "GC Thread#0"                     [id=18096, stack(0x0000001739200000,0x0000001739300000) (1024K)]
  0x000001f4ef07ba80 WorkerThread "GC Thread#1"                     [id=9236, stack(0x000000173a100000,0x000000173a200000) (1024K)]
  0x000001f4ef07be20 WorkerThread "GC Thread#2"                     [id=25656, stack(0x000000173a200000,0x000000173a300000) (1024K)]
  0x000001f4ef07c1c0 WorkerThread "GC Thread#3"                     [id=28428, stack(0x000000173a300000,0x000000173a400000) (1024K)]
  0x000001f4ef594910 WorkerThread "GC Thread#4"                     [id=20688, stack(0x000000173a400000,0x000000173a500000) (1024K)]
  0x000001f4ef594cb0 WorkerThread "GC Thread#5"                     [id=18504, stack(0x000000173a500000,0x000000173a600000) (1024K)]
  0x000001f4ef595050 WorkerThread "GC Thread#6"                     [id=29212, stack(0x000000173a600000,0x000000173a700000) (1024K)]
  0x000001f4ea792340 WorkerThread "GC Thread#7"                     [id=23908, stack(0x0000001739d00000,0x0000001739e00000) (1024K)]
  0x000001f4ef2ba260 WorkerThread "GC Thread#8"                     [id=18368, stack(0x000000173aa00000,0x000000173ab00000) (1024K)]
  0x000001f4ea64a240 WorkerThread "GC Thread#9"                     [id=30240, stack(0x000000173ab00000,0x000000173ac00000) (1024K)]
Total: 12

Threads with active compile tasks:
Total: 0

VM state: not at safepoint (normal execution)

VM Mutex/Monitor currently owned by a thread: None

Heap address: 0x0000000080000000, size: 2048 MB, Compressed Oops mode: 32-bit

CDS archive(s) mapped at: [0x000001f480000000-0x000001f480ba0000-0x000001f480ba0000), size 12189696, SharedBaseAddress: 0x000001f480000000, ArchiveRelocationMode: 1.
Compressed class space mapped at: 0x000001f481000000-0x000001f4c1000000, reserved size: 1073741824
Narrow klass base: 0x000001f480000000, Narrow klass shift: 0, Narrow klass range: 0x100000000

GC Precious Log:
 CardTable entry size: 512
 CPUs: 12 total, 12 available
 Memory: 16016M
 Large Page Support: Disabled
 NUMA Support: Disabled
 Compressed Oops: Enabled (32-bit)
 Alignments: Space 512K, Generation 512K, Heap 2M
 Heap Min Capacity: 100M
 Heap Initial Capacity: 100M
 Heap Max Capacity: 2G
 Pre-touch: Disabled
 Parallel Workers: 10

Heap:
 PSYoungGen      total 2560K, used 418K [0x00000000d5580000, 0x00000000d5b80000, 0x0000000100000000)
  eden space 2048K, 4% used [0x00000000d5580000,0x00000000d5598b00,0x00000000d5780000)
  from space 512K, 62% used [0x00000000d5b00000,0x00000000d5b50020,0x00000000d5b80000)
  to   space 1024K, 0% used [0x00000000d5980000,0x00000000d5980000,0x00000000d5a80000)
 ParOldGen       total 293888K, used 293543K [0x0000000080000000, 0x0000000091f00000, 0x00000000d5580000)
  object space 293888K, 99% used [0x0000000080000000,0x0000000091ea9fe0,0x0000000091f00000)
 Metaspace       used 73470K, committed 75072K, reserved 1179648K
  class space    used 8398K, committed 9152K, reserved 1048576K

Card table byte_map: [0x000001f4d1660000,0x000001f4d1a70000] _byte_map_base: 0x000001f4d1260000

Marking Bits: (ParMarkBitMap*) 0x00007ffa03052460
 Begin Bits: [0x000001f4e4170000, 0x000001f4e6170000)
 End Bits:   [0x000001f4e6170000, 0x000001f4e8170000)

Polling page: 0x000001f4cfaa0000

Metaspace:

Usage:
  Non-class:     63.55 MB used.
      Class:      8.20 MB used.
       Both:     71.75 MB used.

Virtual space:
  Non-class space:      128.00 MB reserved,      64.38 MB ( 50%) committed,  2 nodes.
      Class space:        1.00 GB reserved,       8.94 MB ( <1%) committed,  1 nodes.
             Both:        1.12 GB reserved,      73.31 MB (  6%) committed. 

Chunk freelists:
   Non-Class:  14.95 MB
       Class:  7.00 MB
        Both:  21.95 MB

MaxMetaspaceSize: unlimited
CompressedClassSpaceSize: 1.00 GB
Initial GC threshold: 21.00 MB
Current GC threshold: 97.31 MB
CDS: on
 - commit_granule_bytes: 65536.
 - commit_granule_words: 8192.
 - virtual_space_node_default_size: 8388608.
 - enlarge_chunks_in_place: 1.
 - use_allocation_guard: 0.


Internal statistics:

num_allocs_failed_limit: 9.
num_arena_births: 1282.
num_arena_deaths: 40.
num_vsnodes_births: 3.
num_vsnodes_deaths: 0.
num_space_committed: 1173.
num_space_uncommitted: 0.
num_chunks_returned_to_freelist: 55.
num_chunks_taken_from_freelist: 4418.
num_chunk_merges: 16.
num_chunk_splits: 2798.
num_chunks_enlarged: 1728.
num_inconsistent_stats: 0.

CodeHeap 'non-profiled nmethods': size=120000Kb used=7908Kb max_used=7908Kb free=112091Kb
 bounds [0x000001f4dc990000, 0x000001f4dd150000, 0x000001f4e3ec0000]
CodeHeap 'profiled nmethods': size=120000Kb used=22761Kb max_used=22761Kb free=97238Kb
 bounds [0x000001f4d4ec0000, 0x000001f4d6500000, 0x000001f4dc3f0000]
CodeHeap 'non-nmethods': size=5760Kb used=1473Kb max_used=1512Kb free=4286Kb
 bounds [0x000001f4dc3f0000, 0x000001f4dc660000, 0x000001f4dc990000]
CodeCache: size=245760Kb, used=32142Kb, max_used=32181Kb, free=213615Kb
 total_blobs=11344, nmethods=10556, adapters=690, full_count=0
Compilation: enabled, stopped_count=0, restarted_count=0

Compilation events (20 events):
Event: 5615.949 Thread 0x000001f4ea5bce10 11328       3       org.eclipse.jdt.internal.compiler.lookup.TypeSystem$HashedParameterizedTypes$PTBKey::hash (33 bytes)
Event: 5615.949 Thread 0x000001f4ea5bce10 nmethod 11328 0x000001f4d64f8b10 code [0x000001f4d64f8d00, 0x000001f4d64f91d8]
Event: 5615.949 Thread 0x000001f4ea5bce10 11329       1       org.eclipse.jdt.internal.compiler.classfmt.FieldInfo::getAnnotations (2 bytes)
Event: 5615.949 Thread 0x000001f4ea5bce10 nmethod 11329 0x000001f4dd146d10 code [0x000001f4dd146ea0, 0x000001f4dd146f70]
Event: 5615.950 Thread 0x000001f4ea5b6be0 11330       4       org.eclipse.jdt.internal.compiler.env.ITypeAnnotationWalker$1::toMethodParameter (2 bytes)
Event: 5615.950 Thread 0x000001f4ea5b6be0 nmethod 11330 0x000001f4dd147010 code [0x000001f4dd1471a0, 0x000001f4dd147228]
Event: 5615.950 Thread 0x000001f4ea5b6be0 11331       4       org.eclipse.jdt.internal.compiler.util.CharDeduplication::getThreadLocalInstance (44 bytes)
Event: 5615.951 Thread 0x000001f4ea5bce10 11333       3       org.eclipse.jdt.internal.compiler.lookup.ReferenceBinding::isStatic (28 bytes)
Event: 5615.951 Thread 0x000001f4ea5bce10 nmethod 11333 0x000001f4d64f9310 code [0x000001f4d64f94c0, 0x000001f4d64f9678]
Event: 5615.952 Thread 0x000001f4ea5bce10 11334       3       org.eclipse.jdt.internal.compiler.lookup.ReferenceBinding$3::compare (13 bytes)
Event: 5615.953 Thread 0x000001f4ea5bce10 nmethod 11334 0x000001f4d64f9710 code [0x000001f4d64f98e0, 0x000001f4d64f9c18]
Event: 5615.953 Thread 0x000001f4ea5bce10 11335       3       org.eclipse.jdt.internal.compiler.lookup.ReferenceBinding$3::compare (46 bytes)
Event: 5615.953 Thread 0x000001f4ea5bce10 nmethod 11335 0x000001f4d64f9d10 code [0x000001f4d64f9ec0, 0x000001f4d64fa090]
Event: 5615.954 Thread 0x000001f4ea5bce10 11336       3       org.eclipse.jdt.internal.compiler.lookup.ReferenceBinding::<init> (5 bytes)
Event: 5615.954 Thread 0x000001f4ea5bce10 nmethod 11336 0x000001f4d64fa210 code [0x000001f4d64fa3c0, 0x000001f4d64fa618]
Event: 5615.955 Thread 0x000001f4ea5b6be0 nmethod 11331 0x000001f4dd147310 code [0x000001f4dd1474e0, 0x000001f4dd1476e8]
Event: 5615.955 Thread 0x000001f4ea5b6be0 11332       4       org.eclipse.jdt.core.compiler.CharOperation::splitOn (159 bytes)
Event: 5615.986 Thread 0x000001f4ea5b6be0 nmethod 11332 0x000001f4dd147990 code [0x000001f4dd147b80, 0x000001f4dd148958]
Event: 5615.987 Thread 0x000001f4ea5b6be0 11337       4       org.eclipse.core.internal.preferences.PreferencesService::get (62 bytes)
Event: 5615.990 Thread 0x000001f4ea5b6be0 nmethod 11337 0x000001f4dd148d90 code [0x000001f4dd148f20, 0x000001f4dd1490c8]

GC Heap History (20 events):
Event: 5614.239 GC heap before
{Heap before GC invocations=164 (full 3):
 PSYoungGen      total 5632K, used 5280K [0x00000000d5580000, 0x00000000d5e00000, 0x0000000100000000)
  eden space 2560K, 100% used [0x00000000d5580000,0x00000000d5800000,0x00000000d5800000)
  from space 3072K, 88% used [0x00000000d5b00000,0x00000000d5da8000,0x00000000d5e00000)
  to   space 3072K, 0% used [0x00000000d5800000,0x00000000d5800000,0x00000000d5b00000)
 ParOldGen       total 269824K, used 269455K [0x0000000080000000, 0x0000000090780000, 0x00000000d5580000)
  object space 269824K, 99% used [0x0000000080000000,0x0000000090723fe0,0x0000000090780000)
 Metaspace       used 73441K, committed 75072K, reserved 1179648K
  class space    used 8398K, committed 9152K, reserved 1048576K
}
Event: 5614.243 GC heap after
{Heap after GC invocations=164 (full 3):
 PSYoungGen      total 5632K, used 2656K [0x00000000d5580000, 0x00000000d5e00000, 0x0000000100000000)
  eden space 2560K, 0% used [0x00000000d5580000,0x00000000d5580000,0x00000000d5800000)
  from space 3072K, 86% used [0x00000000d5800000,0x00000000d5a98000,0x00000000d5b00000)
  to   space 3072K, 0% used [0x00000000d5b00000,0x00000000d5b00000,0x00000000d5e00000)
 ParOldGen       total 272384K, used 272055K [0x0000000080000000, 0x0000000090a00000, 0x00000000d5580000)
  object space 272384K, 99% used [0x0000000080000000,0x00000000909adfe0,0x0000000090a00000)
 Metaspace       used 73441K, committed 75072K, reserved 1179648K
  class space    used 8398K, committed 9152K, reserved 1048576K
}
Event: 5614.256 GC heap before
{Heap before GC invocations=165 (full 3):
 PSYoungGen      total 5632K, used 5216K [0x00000000d5580000, 0x00000000d5e00000, 0x0000000100000000)
  eden space 2560K, 100% used [0x00000000d5580000,0x00000000d5800000,0x00000000d5800000)
  from space 3072K, 86% used [0x00000000d5800000,0x00000000d5a98000,0x00000000d5b00000)
  to   space 3072K, 0% used [0x00000000d5b00000,0x00000000d5b00000,0x00000000d5e00000)
 ParOldGen       total 272384K, used 272055K [0x0000000080000000, 0x0000000090a00000, 0x00000000d5580000)
  object space 272384K, 99% used [0x0000000080000000,0x00000000909adfe0,0x0000000090a00000)
 Metaspace       used 73441K, committed 75072K, reserved 1179648K
  class space    used 8398K, committed 9152K, reserved 1048576K
}
Event: 5614.260 GC heap after
{Heap after GC invocations=165 (full 3):
 PSYoungGen      total 5632K, used 2688K [0x00000000d5580000, 0x00000000d5e00000, 0x0000000100000000)
  eden space 2560K, 0% used [0x00000000d5580000,0x00000000d5580000,0x00000000d5800000)
  from space 3072K, 87% used [0x00000000d5b00000,0x00000000d5da0000,0x00000000d5e00000)
  to   space 3072K, 0% used [0x00000000d5800000,0x00000000d5800000,0x00000000d5b00000)
 ParOldGen       total 274944K, used 274639K [0x0000000080000000, 0x0000000090c80000, 0x00000000d5580000)
  object space 274944K, 99% used [0x0000000080000000,0x0000000090c33fe0,0x0000000090c80000)
 Metaspace       used 73441K, committed 75072K, reserved 1179648K
  class space    used 8398K, committed 9152K, reserved 1048576K
}
Event: 5614.270 GC heap before
{Heap before GC invocations=166 (full 3):
 PSYoungGen      total 5632K, used 5248K [0x00000000d5580000, 0x00000000d5e00000, 0x0000000100000000)
  eden space 2560K, 100% used [0x00000000d5580000,0x00000000d5800000,0x00000000d5800000)
  from space 3072K, 87% used [0x00000000d5b00000,0x00000000d5da0000,0x00000000d5e00000)
  to   space 3072K, 0% used [0x00000000d5800000,0x00000000d5800000,0x00000000d5b00000)
 ParOldGen       total 274944K, used 274639K [0x0000000080000000, 0x0000000090c80000, 0x00000000d5580000)
  object space 274944K, 99% used [0x0000000080000000,0x0000000090c33fe0,0x0000000090c80000)
 Metaspace       used 73441K, committed 75072K, reserved 1179648K
  class space    used 8398K, committed 9152K, reserved 1048576K
}
Event: 5614.274 GC heap after
{Heap after GC invocations=166 (full 3):
 PSYoungGen      total 5632K, used 2688K [0x00000000d5580000, 0x00000000d5e80000, 0x0000000100000000)
  eden space 2560K, 0% used [0x00000000d5580000,0x00000000d5580000,0x00000000d5800000)
  from space 3072K, 87% used [0x00000000d5800000,0x00000000d5aa0000,0x00000000d5b00000)
  to   space 3072K, 0% used [0x00000000d5b80000,0x00000000d5b80000,0x00000000d5e80000)
 ParOldGen       total 277504K, used 277223K [0x0000000080000000, 0x0000000090f00000, 0x00000000d5580000)
  object space 277504K, 99% used [0x0000000080000000,0x0000000090eb9fe0,0x0000000090f00000)
 Metaspace       used 73441K, committed 75072K, reserved 1179648K
  class space    used 8398K, committed 9152K, reserved 1048576K
}
Event: 5614.288 GC heap before
{Heap before GC invocations=167 (full 3):
 PSYoungGen      total 5632K, used 5248K [0x00000000d5580000, 0x00000000d5e80000, 0x0000000100000000)
  eden space 2560K, 100% used [0x00000000d5580000,0x00000000d5800000,0x00000000d5800000)
  from space 3072K, 87% used [0x00000000d5800000,0x00000000d5aa0000,0x00000000d5b00000)
  to   space 3072K, 0% used [0x00000000d5b80000,0x00000000d5b80000,0x00000000d5e80000)
 ParOldGen       total 277504K, used 277223K [0x0000000080000000, 0x0000000090f00000, 0x00000000d5580000)
  object space 277504K, 99% used [0x0000000080000000,0x0000000090eb9fe0,0x0000000090f00000)
 Metaspace       used 73441K, committed 75072K, reserved 1179648K
  class space    used 8398K, committed 9152K, reserved 1048576K
}
Event: 5614.292 GC heap after
{Heap after GC invocations=167 (full 3):
 PSYoungGen      total 6144K, used 2720K [0x00000000d5580000, 0x00000000d5e80000, 0x0000000100000000)
  eden space 3072K, 0% used [0x00000000d5580000,0x00000000d5580000,0x00000000d5880000)
  from space 3072K, 88% used [0x00000000d5b80000,0x00000000d5e28000,0x00000000d5e80000)
  to   space 3072K, 0% used [0x00000000d5880000,0x00000000d5880000,0x00000000d5b80000)
 ParOldGen       total 280064K, used 279815K [0x0000000080000000, 0x0000000091180000, 0x00000000d5580000)
  object space 280064K, 99% used [0x0000000080000000,0x0000000091141fe0,0x0000000091180000)
 Metaspace       used 73441K, committed 75072K, reserved 1179648K
  class space    used 8398K, committed 9152K, reserved 1048576K
}
Event: 5614.332 GC heap before
{Heap before GC invocations=168 (full 3):
 PSYoungGen      total 6144K, used 5792K [0x00000000d5580000, 0x00000000d5e80000, 0x0000000100000000)
  eden space 3072K, 100% used [0x00000000d5580000,0x00000000d5880000,0x00000000d5880000)
  from space 3072K, 88% used [0x00000000d5b80000,0x00000000d5e28000,0x00000000d5e80000)
  to   space 3072K, 0% used [0x00000000d5880000,0x00000000d5880000,0x00000000d5b80000)
 ParOldGen       total 280064K, used 279815K [0x0000000080000000, 0x0000000091180000, 0x00000000d5580000)
  object space 280064K, 99% used [0x0000000080000000,0x0000000091141fe0,0x0000000091180000)
 Metaspace       used 73441K, committed 75072K, reserved 1179648K
  class space    used 8398K, committed 9152K, reserved 1048576K
}
Event: 5614.337 GC heap after
{Heap after GC invocations=168 (full 3):
 PSYoungGen      total 6144K, used 3072K [0x00000000d5580000, 0x00000000d6580000, 0x0000000100000000)
  eden space 3072K, 0% used [0x00000000d5580000,0x00000000d5580000,0x00000000d5880000)
  from space 3072K, 100% used [0x00000000d5880000,0x00000000d5b80000,0x00000000d5b80000)
  to   space 6656K, 0% used [0x00000000d5f00000,0x00000000d5f00000,0x00000000d6580000)
 ParOldGen       total 282624K, used 282447K [0x0000000080000000, 0x0000000091400000, 0x00000000d5580000)
  object space 282624K, 99% used [0x0000000080000000,0x00000000913d3fe0,0x0000000091400000)
 Metaspace       used 73441K, committed 75072K, reserved 1179648K
  class space    used 8398K, committed 9152K, reserved 1048576K
}
Event: 5614.359 GC heap before
{Heap before GC invocations=169 (full 3):
 PSYoungGen      total 6144K, used 6144K [0x00000000d5580000, 0x00000000d6580000, 0x0000000100000000)
  eden space 3072K, 100% used [0x00000000d5580000,0x00000000d5880000,0x00000000d5880000)
  from space 3072K, 100% used [0x00000000d5880000,0x00000000d5b80000,0x00000000d5b80000)
  to   space 6656K, 0% used [0x00000000d5f00000,0x00000000d5f00000,0x00000000d6580000)
 ParOldGen       total 282624K, used 282447K [0x0000000080000000, 0x0000000091400000, 0x00000000d5580000)
  object space 282624K, 99% used [0x0000000080000000,0x00000000913d3fe0,0x0000000091400000)
 Metaspace       used 73441K, committed 75072K, reserved 1179648K
  class space    used 8398K, committed 9152K, reserved 1048576K
}
Event: 5614.364 GC heap after
{Heap after GC invocations=169 (full 3):
 PSYoungGen      total 6656K, used 3264K [0x00000000d5580000, 0x00000000d6280000, 0x0000000100000000)
  eden space 3072K, 0% used [0x00000000d5580000,0x00000000d5580000,0x00000000d5880000)
  from space 3584K, 91% used [0x00000000d5f00000,0x00000000d6230000,0x00000000d6280000)
  to   space 4608K, 0% used [0x00000000d5980000,0x00000000d5980000,0x00000000d5e00000)
 ParOldGen       total 285696K, used 285519K [0x0000000080000000, 0x0000000091700000, 0x00000000d5580000)
  object space 285696K, 99% used [0x0000000080000000,0x00000000916d3fe0,0x0000000091700000)
 Metaspace       used 73441K, committed 75072K, reserved 1179648K
  class space    used 8398K, committed 9152K, reserved 1048576K
}
Event: 5614.400 GC heap before
{Heap before GC invocations=170 (full 3):
 PSYoungGen      total 6656K, used 6336K [0x00000000d5580000, 0x00000000d6280000, 0x0000000100000000)
  eden space 3072K, 100% used [0x00000000d5580000,0x00000000d5880000,0x00000000d5880000)
  from space 3584K, 91% used [0x00000000d5f00000,0x00000000d6230000,0x00000000d6280000)
  to   space 4608K, 0% used [0x00000000d5980000,0x00000000d5980000,0x00000000d5e00000)
 ParOldGen       total 285696K, used 285519K [0x0000000080000000, 0x0000000091700000, 0x00000000d5580000)
  object space 285696K, 99% used [0x0000000080000000,0x00000000916d3fe0,0x0000000091700000)
 Metaspace       used 73441K, committed 75072K, reserved 1179648K
  class space    used 8398K, committed 9152K, reserved 1048576K
}
Event: 5614.407 GC heap after
{Heap after GC invocations=170 (full 3):
 PSYoungGen      total 5632K, used 2272K [0x00000000d5580000, 0x00000000d5f80000, 0x0000000100000000)
  eden space 3072K, 0% used [0x00000000d5580000,0x00000000d5580000,0x00000000d5880000)
  from space 2560K, 88% used [0x00000000d5980000,0x00000000d5bb8000,0x00000000d5c00000)
  to   space 3072K, 0% used [0x00000000d5c80000,0x00000000d5c80000,0x00000000d5f80000)
 ParOldGen       total 288768K, used 288631K [0x0000000080000000, 0x0000000091a00000, 0x00000000d5580000)
  object space 288768K, 99% used [0x0000000080000000,0x00000000919ddfe0,0x0000000091a00000)
 Metaspace       used 73441K, committed 75072K, reserved 1179648K
  class space    used 8398K, committed 9152K, reserved 1048576K
}
Event: 5614.720 GC heap before
{Heap before GC invocations=171 (full 3):
 PSYoungGen      total 5632K, used 5343K [0x00000000d5580000, 0x00000000d5f80000, 0x0000000100000000)
  eden space 3072K, 99% used [0x00000000d5580000,0x00000000d587fff8,0x00000000d5880000)
  from space 2560K, 88% used [0x00000000d5980000,0x00000000d5bb8000,0x00000000d5c00000)
  to   space 3072K, 0% used [0x00000000d5c80000,0x00000000d5c80000,0x00000000d5f80000)
 ParOldGen       total 288768K, used 288631K [0x0000000080000000, 0x0000000091a00000, 0x00000000d5580000)
  object space 288768K, 99% used [0x0000000080000000,0x00000000919ddfe0,0x0000000091a00000)
 Metaspace       used 73441K, committed 75072K, reserved 1179648K
  class space    used 8398K, committed 9152K, reserved 1048576K
}
Event: 5614.726 GC heap after
{Heap after GC invocations=171 (full 3):
 PSYoungGen      total 5120K, used 3072K [0x00000000d5580000, 0x00000000d6280000, 0x0000000100000000)
  eden space 2048K, 0% used [0x00000000d5580000,0x00000000d5580000,0x00000000d5780000)
  from space 3072K, 100% used [0x00000000d5c80000,0x00000000d5f80000,0x00000000d5f80000)
  to   space 5120K, 0% used [0x00000000d5780000,0x00000000d5780000,0x00000000d5c80000)
 ParOldGen       total 290304K, used 289991K [0x0000000080000000, 0x0000000091b80000, 0x00000000d5580000)
  object space 290304K, 99% used [0x0000000080000000,0x0000000091b31fe0,0x0000000091b80000)
 Metaspace       used 73441K, committed 75072K, reserved 1179648K
  class space    used 8398K, committed 9152K, reserved 1048576K
}
Event: 5615.763 GC heap before
{Heap before GC invocations=172 (full 3):
 PSYoungGen      total 5120K, used 5120K [0x00000000d5580000, 0x00000000d6280000, 0x0000000100000000)
  eden space 2048K, 100% used [0x00000000d5580000,0x00000000d5780000,0x00000000d5780000)
  from space 3072K, 100% used [0x00000000d5c80000,0x00000000d5f80000,0x00000000d5f80000)
  to   space 5120K, 0% used [0x00000000d5780000,0x00000000d5780000,0x00000000d5c80000)
 ParOldGen       total 290304K, used 289991K [0x0000000080000000, 0x0000000091b80000, 0x00000000d5580000)
  object space 290304K, 99% used [0x0000000080000000,0x0000000091b31fe0,0x0000000091b80000)
 Metaspace       used 73448K, committed 75072K, reserved 1179648K
  class space    used 8398K, committed 9152K, reserved 1048576K
}
Event: 5615.769 GC heap after
{Heap after GC invocations=172 (full 3):
 PSYoungGen      total 3072K, used 640K [0x00000000d5580000, 0x00000000d5d00000, 0x0000000100000000)
  eden space 2048K, 0% used [0x00000000d5580000,0x00000000d5580000,0x00000000d5780000)
  from space 1024K, 62% used [0x00000000d5780000,0x00000000d5820000,0x00000000d5880000)
  to   space 2048K, 0% used [0x00000000d5b00000,0x00000000d5b00000,0x00000000d5d00000)
 ParOldGen       total 293376K, used 293055K [0x0000000080000000, 0x0000000091e80000, 0x00000000d5580000)
  object space 293376K, 99% used [0x0000000080000000,0x0000000091e2ffe0,0x0000000091e80000)
 Metaspace       used 73448K, committed 75072K, reserved 1179648K
  class space    used 8398K, committed 9152K, reserved 1048576K
}
Event: 5615.966 GC heap before
{Heap before GC invocations=173 (full 3):
 PSYoungGen      total 3072K, used 2687K [0x00000000d5580000, 0x00000000d5d00000, 0x0000000100000000)
  eden space 2048K, 99% used [0x00000000d5580000,0x00000000d577ff20,0x00000000d5780000)
  from space 1024K, 62% used [0x00000000d5780000,0x00000000d5820000,0x00000000d5880000)
  to   space 2048K, 0% used [0x00000000d5b00000,0x00000000d5b00000,0x00000000d5d00000)
 ParOldGen       total 293376K, used 293055K [0x0000000080000000, 0x0000000091e80000, 0x00000000d5580000)
  object space 293376K, 99% used [0x0000000080000000,0x0000000091e2ffe0,0x0000000091e80000)
 Metaspace       used 73470K, committed 75072K, reserved 1179648K
  class space    used 8398K, committed 9152K, reserved 1048576K
}
Event: 5615.969 GC heap after
{Heap after GC invocations=173 (full 3):
 PSYoungGen      total 2560K, used 320K [0x00000000d5580000, 0x00000000d5b80000, 0x0000000100000000)
  eden space 2048K, 0% used [0x00000000d5580000,0x00000000d5580000,0x00000000d5780000)
  from space 512K, 62% used [0x00000000d5b00000,0x00000000d5b50020,0x00000000d5b80000)
  to   space 1024K, 0% used [0x00000000d5980000,0x00000000d5980000,0x00000000d5a80000)
 ParOldGen       total 293888K, used 293543K [0x0000000080000000, 0x0000000091f00000, 0x00000000d5580000)
  object space 293888K, 99% used [0x0000000080000000,0x0000000091ea9fe0,0x0000000091f00000)
 Metaspace       used 73470K, committed 75072K, reserved 1179648K
  class space    used 8398K, committed 9152K, reserved 1048576K
}

Dll operation events (15 events):
Event: 0.009 Loaded shared library c:\Users\Dhruvi\.antigravity\extensions\redhat.java-1.52.0-win32-x64\jre\21.0.9-win32-x86_64\bin\java.dll
Event: 0.090 Loaded shared library c:\Users\Dhruvi\.antigravity\extensions\redhat.java-1.52.0-win32-x64\jre\21.0.9-win32-x86_64\bin\zip.dll
Event: 0.120 Loaded shared library C:\Users\Dhruvi\.antigravity\extensions\redhat.java-1.52.0-win32-x64\jre\21.0.9-win32-x86_64\bin\instrument.dll
Event: 0.126 Loaded shared library C:\Users\Dhruvi\.antigravity\extensions\redhat.java-1.52.0-win32-x64\jre\21.0.9-win32-x86_64\bin\net.dll
Event: 0.129 Loaded shared library C:\Users\Dhruvi\.antigravity\extensions\redhat.java-1.52.0-win32-x64\jre\21.0.9-win32-x86_64\bin\nio.dll
Event: 0.133 Loaded shared library C:\Users\Dhruvi\.antigravity\extensions\redhat.java-1.52.0-win32-x64\jre\21.0.9-win32-x86_64\bin\zip.dll
Event: 0.156 Loaded shared library C:\Users\Dhruvi\.antigravity\extensions\redhat.java-1.52.0-win32-x64\jre\21.0.9-win32-x86_64\bin\jimage.dll
Event: 0.245 Loaded shared library c:\Users\Dhruvi\.antigravity\extensions\redhat.java-1.52.0-win32-x64\jre\21.0.9-win32-x86_64\bin\verify.dll
Event: 15.247 Loaded shared library C:\Users\Dhruvi\AppData\Roaming\Antigravity\User\globalStorage\redhat.java\1.52.0\config_win\org.eclipse.equinox.launcher\org.eclipse.equinox.launcher.win32.win32.x86_64_1.2.1500.v20260121-1430\eclipse_11919.dll
Event: 27.173 Loaded shared library C:\Users\Dhruvi\AppData\Local\Temp\jna-2046340826\jna6594637601483245265.dll
Event: 32.406 Loaded shared library C:\Users\Dhruvi\.gradle\native\1def1411415f61bf3af743bc5b6707747c0891f09f0c88961ee8f79bc544acac\windows-amd64\native-platform.dll
Event: 33.204 Loaded shared library C:\Users\Dhruvi\.antigravity\extensions\redhat.java-1.52.0-win32-x64\jre\21.0.9-win32-x86_64\bin\management.dll
Event: 33.206 Loaded shared library C:\Users\Dhruvi\.antigravity\extensions\redhat.java-1.52.0-win32-x64\jre\21.0.9-win32-x86_64\bin\management_ext.dll
Event: 33.318 Loaded shared library C:\Users\Dhruvi\.antigravity\extensions\redhat.java-1.52.0-win32-x64\jre\21.0.9-win32-x86_64\bin\sunmscapi.dll
Event: 33.619 Loaded shared library C:\Users\Dhruvi\.antigravity\extensions\redhat.java-1.52.0-win32-x64\jre\21.0.9-win32-x86_64\bin\extnet.dll

Deoptimization events (20 events):
Event: 5614.208 Thread 0x000001f4ef117550 DEOPT PACKING pc=0x000001f4d64def73 sp=0x000000173b4fea00
Event: 5614.208 Thread 0x000001f4ef117550 DEOPT UNPACKING pc=0x000001f4dc444242 sp=0x000000173b4fde98 mode 0
Event: 5614.208 Thread 0x000001f4ef117550 DEOPT PACKING pc=0x000001f4d64def73 sp=0x000000173b4fea00
Event: 5614.208 Thread 0x000001f4ef117550 DEOPT UNPACKING pc=0x000001f4dc444242 sp=0x000000173b4fde98 mode 0
Event: 5614.916 Thread 0x000001f4f2604cc0 Uncommon trap: trap_request=0xffffff45 fr.pc=0x000001f4dd109b74 relative=0x00000000000000b4
Event: 5614.916 Thread 0x000001f4f2604cc0 Uncommon trap: reason=unstable_if action=reinterpret pc=0x000001f4dd109b74 method=org.eclipse.jdt.ls.core.internal.CancellableProgressMonitor.isCanceled()Z @ 4 c2
Event: 5614.916 Thread 0x000001f4f2604cc0 DEOPT PACKING pc=0x000001f4dd109b74 sp=0x0000001738fff340
Event: 5614.916 Thread 0x000001f4f2604cc0 DEOPT UNPACKING pc=0x000001f4dc443aa2 sp=0x0000001738fff2c8 mode 2
Event: 5615.948 Thread 0x000001f4f26087d0 Uncommon trap: trap_request=0xffffffd6 fr.pc=0x000001f4dd13c8d8 relative=0x0000000000000a18
Event: 5615.948 Thread 0x000001f4f26087d0 Uncommon trap: reason=array_check action=maybe_recompile pc=0x000001f4dd13c8d8 method=java.util.TimSort.binarySort([Ljava/lang/Object;IIILjava/util/Comparator;)V @ 183 c2
Event: 5615.948 Thread 0x000001f4f26087d0 DEOPT PACKING pc=0x000001f4dd13c8d8 sp=0x000000173b2fed90
Event: 5615.948 Thread 0x000001f4f26087d0 DEOPT UNPACKING pc=0x000001f4dc443aa2 sp=0x000000173b2fed58 mode 2
Event: 5615.952 Thread 0x000001f4f26087d0 Uncommon trap: trap_request=0xffffffd6 fr.pc=0x000001f4dd13c75c relative=0x000000000000089c
Event: 5615.952 Thread 0x000001f4f26087d0 Uncommon trap: reason=array_check action=maybe_recompile pc=0x000001f4dd13c75c method=java.util.TimSort.binarySort([Ljava/lang/Object;IIILjava/util/Comparator;)V @ 193 c2
Event: 5615.952 Thread 0x000001f4f26087d0 DEOPT PACKING pc=0x000001f4dd13c75c sp=0x000000173b2fe9e0
Event: 5615.952 Thread 0x000001f4f26087d0 DEOPT UNPACKING pc=0x000001f4dc443aa2 sp=0x000000173b2fe9a8 mode 2
Event: 5615.953 Thread 0x000001f4f26087d0 Uncommon trap: trap_request=0xffffffd6 fr.pc=0x000001f4dd13c8d8 relative=0x0000000000000a18
Event: 5615.953 Thread 0x000001f4f26087d0 Uncommon trap: reason=array_check action=maybe_recompile pc=0x000001f4dd13c8d8 method=java.util.TimSort.binarySort([Ljava/lang/Object;IIILjava/util/Comparator;)V @ 183 c2
Event: 5615.953 Thread 0x000001f4f26087d0 DEOPT PACKING pc=0x000001f4dd13c8d8 sp=0x000000173b2fe900
Event: 5615.953 Thread 0x000001f4f26087d0 DEOPT UNPACKING pc=0x000001f4dc443aa2 sp=0x000000173b2fe8c8 mode 2

Classes loaded (20 events):
Event: 1976.594 Loading class java/util/stream/Nodes$ToArrayTask done
Event: 1976.594 Loading class java/util/stream/Nodes$ToArrayTask$OfRef done
Event: 1976.604 Loading class java/io/ObjectOutputStream$BlockDataOutputStream
Event: 1976.606 Loading class java/io/ObjectOutputStream$BlockDataOutputStream done
Event: 1976.606 Loading class java/io/ObjectOutputStream$HandleTable
Event: 1976.606 Loading class java/io/ObjectOutputStream$HandleTable done
Event: 1976.606 Loading class java/io/ObjectOutputStream$ReplaceTable
Event: 1976.607 Loading class java/io/ObjectOutputStream$ReplaceTable done
Event: 5493.435 Loading class java/util/ImmutableCollections$SubList
Event: 5493.462 Loading class java/util/ImmutableCollections$SubList done
Event: 5586.797 Loading class sun/nio/fs/WindowsFileCopy
Event: 5586.803 Loading class sun/nio/fs/WindowsFileCopy done
Event: 5587.826 Loading class java/util/stream/ReduceOps$4
Event: 5587.828 Loading class java/util/stream/ReduceOps$4 done
Event: 5587.834 Loading class java/util/stream/ReduceOps$4ReducingSink
Event: 5587.835 Loading class java/util/stream/ReduceOps$4ReducingSink done
Event: 5587.840 Loading class java/nio/file/Files$2
Event: 5587.841 Loading class java/nio/file/Files$2 done
Event: 5588.220 Loading class java/util/Hashtable$ValueCollection
Event: 5588.221 Loading class java/util/Hashtable$ValueCollection done

Classes unloaded (20 events):
Event: 27.991 Thread 0x000001f4d1c52e60 Unloading class 0x000001f4811a4800 'java/lang/invoke/LambdaForm$MH+0x000001f4811a4800'
Event: 27.991 Thread 0x000001f4d1c52e60 Unloading class 0x000001f4811a4400 'java/lang/invoke/LambdaForm$MH+0x000001f4811a4400'
Event: 27.991 Thread 0x000001f4d1c52e60 Unloading class 0x000001f4811a4000 'java/lang/invoke/LambdaForm$MH+0x000001f4811a4000'
Event: 27.991 Thread 0x000001f4d1c52e60 Unloading class 0x000001f4811a3c00 'java/lang/invoke/LambdaForm$MH+0x000001f4811a3c00'
Event: 27.991 Thread 0x000001f4d1c52e60 Unloading class 0x000001f4811a3800 'java/lang/invoke/LambdaForm$BMH+0x000001f4811a3800'
Event: 27.991 Thread 0x000001f4d1c52e60 Unloading class 0x000001f4811a3400 'java/lang/invoke/LambdaForm$DMH+0x000001f4811a3400'
Event: 27.991 Thread 0x000001f4d1c52e60 Unloading class 0x000001f4811a2000 'java/lang/invoke/LambdaForm$DMH+0x000001f4811a2000'
Event: 29.261 Thread 0x000001f4d1c52e60 Unloading class 0x000001f481382800 'java/lang/invoke/LambdaForm$MH+0x000001f481382800'
Event: 29.261 Thread 0x000001f4d1c52e60 Unloading class 0x000001f481381c00 'java/lang/invoke/LambdaForm$MH+0x000001f481381c00'
Event: 29.261 Thread 0x000001f4d1c52e60 Unloading class 0x000001f481381400 'java/lang/invoke/LambdaForm$MH+0x000001f481381400'
Event: 29.261 Thread 0x000001f4d1c52e60 Unloading class 0x000001f481380c00 'java/lang/invoke/LambdaForm$MH+0x000001f481380c00'
Event: 29.261 Thread 0x000001f4d1c52e60 Unloading class 0x000001f481380800 'java/lang/invoke/LambdaForm$DMH+0x000001f481380800'
Event: 29.261 Thread 0x000001f4d1c52e60 Unloading class 0x000001f481379c00 'java/lang/invoke/LambdaForm$MH+0x000001f481379c00'
Event: 29.261 Thread 0x000001f4d1c52e60 Unloading class 0x000001f481372c00 'java/lang/invoke/LambdaForm$MH+0x000001f481372c00'
Event: 29.261 Thread 0x000001f4d1c52e60 Unloading class 0x000001f481372800 'java/lang/invoke/LambdaForm$MH+0x000001f481372800'
Event: 29.261 Thread 0x000001f4d1c52e60 Unloading class 0x000001f481371c00 'java/lang/invoke/LambdaForm$MH+0x000001f481371c00'
Event: 29.261 Thread 0x000001f4d1c52e60 Unloading class 0x000001f481371800 'java/lang/invoke/LambdaForm$MH+0x000001f481371800'
Event: 29.261 Thread 0x000001f4d1c52e60 Unloading class 0x000001f481370c00 'java/lang/invoke/LambdaForm$MH+0x000001f481370c00'
Event: 29.261 Thread 0x000001f4d1c52e60 Unloading class 0x000001f481370400 'java/lang/invoke/LambdaForm$MH+0x000001f481370400'
Event: 29.261 Thread 0x000001f4d1c52e60 Unloading class 0x000001f481368c00 'java/lang/invoke/LambdaForm$MH+0x000001f481368c00'

Classes redefined (0 events):
No events

Internal exceptions (20 events):
Event: 5586.804 Thread 0x000001f4ef117550 Exception <a 'sun/nio/fs/WindowsException'{0x00000000d5a0c2c0}> (0x00000000d5a0c2c0) 
thrown [s\src\hotspot\share\prims\jni.cpp, line 520]
Event: 5587.852 Thread 0x000001f4f2604cc0 Exception <a 'java/lang/NoSuchMethodError'{0x00000000d58f2fa8}: 'int java.lang.invoke.DirectMethodHandle$Holder.invokeSpecialIFC(java.lang.Object, java.lang.Object, java.lang.Object)'> (0x00000000d58f2fa8) 
thrown [s\src\hotspot\share\interpreter\linkResolver.cpp, line 773]
Event: 5588.529 Thread 0x000001f4ef117550 Exception <a 'sun/nio/fs/WindowsException'{0x00000000d5798cd8}> (0x00000000d5798cd8) 
thrown [s\src\hotspot\share\prims\jni.cpp, line 520]
Event: 5588.600 Thread 0x000001f4ef117550 Implicit null exception at 0x000001f4dcb0062c to 0x000001f4dcb00bbc
Event: 5607.319 Thread 0x000001f4f1f2ae00 Exception <a 'sun/nio/fs/WindowsException'{0x00000000d5737ba8}> (0x00000000d5737ba8) 
thrown [s\src\hotspot\share\prims\jni.cpp, line 520]
Event: 5607.402 Thread 0x000001f4f1f2ae00 Exception <a 'sun/nio/fs/WindowsException'{0x00000000d57bb398}> (0x00000000d57bb398) 
thrown [s\src\hotspot\share\prims\jni.cpp, line 520]
Event: 5607.470 Thread 0x000001f4f1f2ae00 Exception <a 'sun/nio/fs/WindowsException'{0x00000000d5824a10}> (0x00000000d5824a10) 
thrown [s\src\hotspot\share\prims\jni.cpp, line 520]
Event: 5607.538 Thread 0x000001f4f1f2ae00 Exception <a 'sun/nio/fs/WindowsException'{0x00000000d58a70f0}> (0x00000000d58a70f0) 
thrown [s\src\hotspot\share\prims\jni.cpp, line 520]
Event: 5607.601 Thread 0x000001f4f1f2ae00 Exception <a 'sun/nio/fs/WindowsException'{0x00000000d5906558}> (0x00000000d5906558) 
thrown [s\src\hotspot\share\prims\jni.cpp, line 520]
Event: 5607.657 Thread 0x000001f4f1f2ae00 Exception <a 'sun/nio/fs/WindowsException'{0x00000000d596b928}> (0x00000000d596b928) 
thrown [s\src\hotspot\share\prims\jni.cpp, line 520]
Event: 5607.675 Thread 0x000001f4ef117550 Exception <a 'sun/nio/fs/WindowsException'{0x00000000d592e3d0}> (0x00000000d592e3d0) 
thrown [s\src\hotspot\share\prims\jni.cpp, line 520]
Event: 5607.758 Thread 0x000001f4f1f2ae00 Exception <a 'sun/nio/fs/WindowsException'{0x00000000d58e96f8}> (0x00000000d58e96f8) 
thrown [s\src\hotspot\share\prims\jni.cpp, line 520]
Event: 5607.837 Thread 0x000001f4f1f2ae00 Exception <a 'sun/nio/fs/WindowsException'{0x00000000d5810c80}> (0x00000000d5810c80) 
thrown [s\src\hotspot\share\prims\jni.cpp, line 520]
Event: 5609.914 Thread 0x000001f4ef117550 Exception <a 'sun/nio/fs/WindowsException'{0x00000000d5679600}> (0x00000000d5679600) 
thrown [s\src\hotspot\share\prims\jni.cpp, line 520]
Event: 5612.414 Thread 0x000001f4f1f2ae00 Exception <a 'sun/nio/fs/WindowsException'{0x00000000d5652460}> (0x00000000d5652460) 
thrown [s\src\hotspot\share\prims\jni.cpp, line 520]
Event: 5612.467 Thread 0x000001f4ef117550 Exception <a 'sun/nio/fs/WindowsException'{0x00000000d55c2698}> (0x00000000d55c2698) 
thrown [s\src\hotspot\share\prims\jni.cpp, line 520]
Event: 5612.467 Thread 0x000001f4f1f2ae00 Exception <a 'sun/nio/fs/WindowsException'{0x00000000d5657398}> (0x00000000d5657398) 
thrown [s\src\hotspot\share\prims\jni.cpp, line 520]
Event: 5612.523 Thread 0x000001f4f1f2ae00 Exception <a 'sun/nio/fs/WindowsException'{0x00000000d567cc40}> (0x00000000d567cc40) 
thrown [s\src\hotspot\share\prims\jni.cpp, line 520]
Event: 5614.871 Thread 0x000001f4ef117550 Exception <a 'sun/nio/fs/WindowsException'{0x00000000d562e1f8}> (0x00000000d562e1f8) 
thrown [s\src\hotspot\share\prims\jni.cpp, line 520]
Event: 5615.800 Thread 0x000001f4f1f2ae00 Exception <a 'sun/nio/fs/WindowsException'{0x00000000d55c1e18}> (0x00000000d55c1e18) 
thrown [s\src\hotspot\share\prims\jni.cpp, line 520]

ZGC Phase Switch (0 events):
No events

VM Operations (20 events):
Event: 5614.288 Executing VM operation: ParallelGCFailedAllocation (Allocation Failure)
Event: 5614.292 Executing VM operation: ParallelGCFailedAllocation (Allocation Failure) done
Event: 5614.332 Executing VM operation: ParallelGCFailedAllocation (Allocation Failure)
Event: 5614.337 Executing VM operation: ParallelGCFailedAllocation (Allocation Failure) done
Event: 5614.359 Executing VM operation: ParallelGCFailedAllocation (Allocation Failure)
Event: 5614.364 Executing VM operation: ParallelGCFailedAllocation (Allocation Failure) done
Event: 5614.400 Executing VM operation: ParallelGCFailedAllocation (Allocation Failure)
Event: 5614.407 Executing VM operation: ParallelGCFailedAllocation (Allocation Failure) done
Event: 5614.720 Executing VM operation: ParallelGCFailedAllocation (Allocation Failure)
Event: 5614.726 Executing VM operation: ParallelGCFailedAllocation (Allocation Failure) done
Event: 5615.728 Executing VM operation: Cleanup
Event: 5615.728 Executing VM operation: Cleanup done
Event: 5615.763 Executing VM operation: ParallelGCFailedAllocation (Allocation Failure)
Event: 5615.769 Executing VM operation: ParallelGCFailedAllocation (Allocation Failure) done
Event: 5615.966 Executing VM operation: ParallelGCFailedAllocation (Allocation Failure)
Event: 5615.969 Executing VM operation: ParallelGCFailedAllocation (Allocation Failure) done
Event: 5620.824 Executing VM operation: HandshakeAllThreads (HandshakeForDeflation)
Event: 5620.824 Executing VM operation: HandshakeAllThreads (HandshakeForDeflation) done
Event: 5620.825 Executing VM operation: RendezvousGCThreads
Event: 5620.825 Executing VM operation: RendezvousGCThreads done

Memory protections (0 events):
No events

Nmethod flushes (20 events):
Event: 33.733 Thread 0x000001f4d1c52e60 flushing  nmethod 0x000001f4d5718510
Event: 33.733 Thread 0x000001f4d1c52e60 flushing  nmethod 0x000001f4d5718a90
Event: 33.733 Thread 0x000001f4d1c52e60 flushing  nmethod 0x000001f4d5719e90
Event: 33.733 Thread 0x000001f4d1c52e60 flushing  nmethod 0x000001f4d571a490
Event: 33.733 Thread 0x000001f4d1c52e60 flushing  nmethod 0x000001f4d571ad10
Event: 33.733 Thread 0x000001f4d1c52e60 flushing  nmethod 0x000001f4d571b790
Event: 33.733 Thread 0x000001f4d1c52e60 flushing  nmethod 0x000001f4d571d590
Event: 33.733 Thread 0x000001f4d1c52e60 flushing  nmethod 0x000001f4d5732e10
Event: 33.733 Thread 0x000001f4d1c52e60 flushing  nmethod 0x000001f4d573cf10
Event: 33.733 Thread 0x000001f4d1c52e60 flushing  nmethod 0x000001f4d573d390
Event: 33.733 Thread 0x000001f4d1c52e60 flushing  nmethod 0x000001f4d5741810
Event: 33.733 Thread 0x000001f4d1c52e60 flushing  nmethod 0x000001f4d5743890
Event: 33.733 Thread 0x000001f4d1c52e60 flushing  nmethod 0x000001f4d5751710
Event: 33.733 Thread 0x000001f4d1c52e60 flushing osr nmethod 0x000001f4d5769810
Event: 33.733 Thread 0x000001f4d1c52e60 flushing  nmethod 0x000001f4d576f790
Event: 33.733 Thread 0x000001f4d1c52e60 flushing  nmethod 0x000001f4d5770490
Event: 33.733 Thread 0x000001f4d1c52e60 flushing  nmethod 0x000001f4d5799810
Event: 33.733 Thread 0x000001f4d1c52e60 flushing  nmethod 0x000001f4d5799b10
Event: 33.733 Thread 0x000001f4d1c52e60 flushing  nmethod 0x000001f4d57baf90
Event: 33.733 Thread 0x000001f4d1c52e60 flushing  nmethod 0x000001f4d57fb810

Events (20 events):
Event: 5587.536 Thread 0x000001f4f2604cc0 Thread added: 0x000001f4f2606d90
Event: 5587.536 Thread 0x000001f4f2604cc0 Thread added: 0x000001f4f2606700
Event: 5588.054 Thread 0x000001f4f2604cc0 Thread added: 0x000001f4f26087d0
Event: 5588.068 Thread 0x000001f4f3b64230 Thread exited: 0x000001f4f3b64230
Event: 5588.608 Thread 0x000001f4f2604cc0 Thread added: 0x000001f4f2605350
Event: 5588.612 Thread 0x000001f4f2604cc0 Thread added: 0x000001f4f2609b80
Event: 5588.631 Thread 0x000001f4ea5bce10 Thread added: 0x000001f4efbe1eb0
Event: 5588.631 Thread 0x000001f4ea5bce10 Thread added: 0x000001f4f3759ea0
Event: 5588.813 Thread 0x000001f4f3759ea0 Thread exited: 0x000001f4f3759ea0
Event: 5588.815 Thread 0x000001f4efbe1eb0 Thread exited: 0x000001f4efbe1eb0
Event: 5607.986 Thread 0x000001f4f2607ab0 Thread added: 0x000001f4f260c2e0
Event: 5607.986 Thread 0x000001f4f2607ab0 Thread added: 0x000001f4f260a210
Event: 5608.172 Thread 0x000001f4ea5bce10 Thread added: 0x000001f4f3759ea0
Event: 5608.878 Thread 0x000001f4f3759ea0 Thread exited: 0x000001f4f3759ea0
Event: 5612.664 Thread 0x000001f4f2604cc0 Thread added: 0x000001f4f260a8a0
Event: 5612.664 Thread 0x000001f4f2604cc0 Thread added: 0x000001f4f260b5c0
Event: 5612.664 Thread 0x000001f4f2604cc0 Thread added: 0x000001f4f260bc50
Event: 5612.692 Thread 0x000001f4ea5bce10 Thread added: 0x000001f4f2769400
Event: 5613.103 Thread 0x000001f4f2769400 Thread exited: 0x000001f4f2769400
Event: 5615.930 Thread 0x000001f4f2605350 Thread added: 0x000001f4f2608e60


Dynamic libraries:
0x00007ff7375a0000 - 0x00007ff7375ae000 	c:\Users\Dhruvi\.antigravity\extensions\redhat.java-1.52.0-win32-x64\jre\21.0.9-win32-x86_64\bin\java.exe
0x00007ffaaf360000 - 0x00007ffaaf5c8000 	C:\WINDOWS\SYSTEM32\ntdll.dll
0x00007ffaae1a0000 - 0x00007ffaae269000 	C:\WINDOWS\System32\KERNEL32.DLL
0x00007ffaac040000 - 0x00007ffaac431000 	C:\WINDOWS\System32\KERNELBASE.dll
0x00007ffaabd30000 - 0x00007ffaabe7b000 	C:\WINDOWS\System32\ucrtbase.dll
0x00007ffa84cb0000 - 0x00007ffa84cc8000 	c:\Users\Dhruvi\.antigravity\extensions\redhat.java-1.52.0-win32-x64\jre\21.0.9-win32-x86_64\bin\jli.dll
0x00007ffaaf090000 - 0x00007ffaaf256000 	C:\WINDOWS\System32\USER32.dll
0x00007ffa824c0000 - 0x00007ffa824de000 	c:\Users\Dhruvi\.antigravity\extensions\redhat.java-1.52.0-win32-x64\jre\21.0.9-win32-x86_64\bin\VCRUNTIME140.dll
0x00007ffa90a40000 - 0x00007ffa90cd3000 	C:\WINDOWS\WinSxS\amd64_microsoft.windows.common-controls_6595b64144ccf1df_6.0.26100.7824_none_3e0870b2e3345462\COMCTL32.dll
0x00007ffaabd00000 - 0x00007ffaabd27000 	C:\WINDOWS\System32\win32u.dll
0x00007ffaae390000 - 0x00007ffaae3bb000 	C:\WINDOWS\System32\GDI32.dll
0x00007ffaad100000 - 0x00007ffaad1a9000 	C:\WINDOWS\System32\msvcrt.dll
0x00007ffaabf10000 - 0x00007ffaac03b000 	C:\WINDOWS\System32\gdi32full.dll
0x00007ffaad050000 - 0x00007ffaad0f3000 	C:\WINDOWS\System32\msvcp_win.dll
0x00007ffaad600000 - 0x00007ffaad631000 	C:\WINDOWS\System32\IMM32.DLL
0x00007ffaa7260000 - 0x00007ffaa726c000 	c:\Users\Dhruvi\.antigravity\extensions\redhat.java-1.52.0-win32-x64\jre\21.0.9-win32-x86_64\bin\vcruntime140_1.dll
0x00007ffa3d3e0000 - 0x00007ffa3d46d000 	c:\Users\Dhruvi\.antigravity\extensions\redhat.java-1.52.0-win32-x64\jre\21.0.9-win32-x86_64\bin\msvcp140.dll
0x00007ffa02390000 - 0x00007ffa03130000 	c:\Users\Dhruvi\.antigravity\extensions\redhat.java-1.52.0-win32-x64\jre\21.0.9-win32-x86_64\bin\server\jvm.dll
0x00007ffaaf260000 - 0x00007ffaaf314000 	C:\WINDOWS\System32\ADVAPI32.dll
0x00007ffaaedf0000 - 0x00007ffaaee96000 	C:\WINDOWS\System32\sechost.dll
0x00007ffaad640000 - 0x00007ffaad758000 	C:\WINDOWS\System32\RPCRT4.dll
0x00007ffaaeef0000 - 0x00007ffaaef64000 	C:\WINDOWS\System32\WS2_32.dll
0x00007ffaabaa0000 - 0x00007ffaabafe000 	C:\WINDOWS\SYSTEM32\POWRPROF.dll
0x00007ffaa08f0000 - 0x00007ffaa0925000 	C:\WINDOWS\SYSTEM32\WINMM.dll
0x00007ffa91610000 - 0x00007ffa9161b000 	C:\WINDOWS\SYSTEM32\VERSION.dll
0x00007ffaaba80000 - 0x00007ffaaba94000 	C:\WINDOWS\SYSTEM32\UMPDC.dll
0x00007ffaaa9e0000 - 0x00007ffaaa9fb000 	C:\WINDOWS\SYSTEM32\kernel.appcore.dll
0x00007ffa87e70000 - 0x00007ffa87e7a000 	c:\Users\Dhruvi\.antigravity\extensions\redhat.java-1.52.0-win32-x64\jre\21.0.9-win32-x86_64\bin\jimage.dll
0x00007ffaa9b70000 - 0x00007ffaa9db2000 	C:\WINDOWS\SYSTEM32\DBGHELP.DLL
0x00007ffaad270000 - 0x00007ffaad5f6000 	C:\WINDOWS\System32\combase.dll
0x00007ffaaed00000 - 0x00007ffaaedd7000 	C:\WINDOWS\System32\OLEAUT32.dll
0x00007ffa83700000 - 0x00007ffa8373b000 	C:\WINDOWS\SYSTEM32\dbgcore.DLL
0x00007ffaacfa0000 - 0x00007ffaad045000 	C:\WINDOWS\System32\bcryptPrimitives.dll
0x00007ffa7e210000 - 0x00007ffa7e21f000 	c:\Users\Dhruvi\.antigravity\extensions\redhat.java-1.52.0-win32-x64\jre\21.0.9-win32-x86_64\bin\instrument.dll
0x00007ffa82480000 - 0x00007ffa824a0000 	c:\Users\Dhruvi\.antigravity\extensions\redhat.java-1.52.0-win32-x64\jre\21.0.9-win32-x86_64\bin\java.dll
0x00007ffaae5a0000 - 0x00007ffaaecf2000 	C:\WINDOWS\System32\SHELL32.dll
0x00007ffaaccb0000 - 0x00007ffaace1a000 	C:\WINDOWS\System32\wintypes.dll
0x00007ffaac440000 - 0x00007ffaacca3000 	C:\WINDOWS\System32\windows.storage.dll
0x00007ffaae0a0000 - 0x00007ffaae196000 	C:\WINDOWS\System32\SHCORE.dll
0x00007ffaae530000 - 0x00007ffaae597000 	C:\WINDOWS\System32\shlwapi.dll
0x00007ffaabb60000 - 0x00007ffaabb89000 	C:\WINDOWS\SYSTEM32\profapi.dll
0x00007ffa795b0000 - 0x00007ffa795c8000 	c:\Users\Dhruvi\.antigravity\extensions\redhat.java-1.52.0-win32-x64\jre\21.0.9-win32-x86_64\bin\zip.dll
0x00007ffa7d020000 - 0x00007ffa7d030000 	C:\Users\Dhruvi\.antigravity\extensions\redhat.java-1.52.0-win32-x64\jre\21.0.9-win32-x86_64\bin\net.dll
0x00007ffaa23a0000 - 0x00007ffaa24c7000 	C:\WINDOWS\SYSTEM32\WINHTTP.dll
0x00007ffaaaf50000 - 0x00007ffaaafbb000 	C:\WINDOWS\system32\mswsock.dll
0x00007ffa78660000 - 0x00007ffa78676000 	C:\Users\Dhruvi\.antigravity\extensions\redhat.java-1.52.0-win32-x64\jre\21.0.9-win32-x86_64\bin\nio.dll
0x00007ffa7cad0000 - 0x00007ffa7cae0000 	c:\Users\Dhruvi\.antigravity\extensions\redhat.java-1.52.0-win32-x64\jre\21.0.9-win32-x86_64\bin\verify.dll
0x00007ffa57ee0000 - 0x00007ffa57f25000 	C:\Users\Dhruvi\AppData\Roaming\Antigravity\User\globalStorage\redhat.java\1.52.0\config_win\org.eclipse.equinox.launcher\org.eclipse.equinox.launcher.win32.win32.x86_64_1.2.1500.v20260121-1430\eclipse_11919.dll
0x00007ffaadf00000 - 0x00007ffaae097000 	C:\WINDOWS\System32\ole32.dll
0x00007ffaab220000 - 0x00007ffaab23b000 	C:\WINDOWS\SYSTEM32\CRYPTSP.dll
0x00007ffaaa940000 - 0x00007ffaaa979000 	C:\WINDOWS\system32\rsaenh.dll
0x00007ffaab000000 - 0x00007ffaab02b000 	C:\WINDOWS\SYSTEM32\USERENV.dll
0x00007ffaabb30000 - 0x00007ffaabb5a000 	C:\WINDOWS\SYSTEM32\bcrypt.dll
0x00007ffaab240000 - 0x00007ffaab24c000 	C:\WINDOWS\SYSTEM32\CRYPTBASE.dll
0x00007ffaaa3b0000 - 0x00007ffaaa3e4000 	C:\WINDOWS\SYSTEM32\IPHLPAPI.DLL
0x00007ffaaede0000 - 0x00007ffaaedea000 	C:\WINDOWS\System32\NSI.dll
0x00007ffa3d340000 - 0x00007ffa3d389000 	C:\Users\Dhruvi\AppData\Local\Temp\jna-2046340826\jna6594637601483245265.dll
0x00007ffaaef80000 - 0x00007ffaaef88000 	C:\WINDOWS\System32\PSAPI.DLL
0x00007ffaa55c0000 - 0x00007ffaa55de000 	C:\WINDOWS\SYSTEM32\dhcpcsvc6.DLL
0x00007ffaa5310000 - 0x00007ffaa5333000 	C:\WINDOWS\SYSTEM32\dhcpcsvc.DLL
0x00007ffa87e80000 - 0x00007ffa87ea7000 	C:\Users\Dhruvi\.gradle\native\1def1411415f61bf3af743bc5b6707747c0891f09f0c88961ee8f79bc544acac\windows-amd64\native-platform.dll
0x00007ffa7b290000 - 0x00007ffa7b29a000 	C:\Users\Dhruvi\.antigravity\extensions\redhat.java-1.52.0-win32-x64\jre\21.0.9-win32-x86_64\bin\management.dll
0x00007ffa7a6b0000 - 0x00007ffa7a6bc000 	C:\Users\Dhruvi\.antigravity\extensions\redhat.java-1.52.0-win32-x64\jre\21.0.9-win32-x86_64\bin\management_ext.dll
0x00007ffa783c0000 - 0x00007ffa783ce000 	C:\Users\Dhruvi\.antigravity\extensions\redhat.java-1.52.0-win32-x64\jre\21.0.9-win32-x86_64\bin\sunmscapi.dll
0x00007ffaace20000 - 0x00007ffaacf97000 	C:\WINDOWS\System32\CRYPT32.dll
0x00007ffaab440000 - 0x00007ffaab470000 	C:\WINDOWS\SYSTEM32\ncrypt.dll
0x00007ffaab3f0000 - 0x00007ffaab42f000 	C:\WINDOWS\SYSTEM32\NTASN1.dll
0x00007ffaaa3f0000 - 0x00007ffaaa51c000 	C:\WINDOWS\SYSTEM32\DNSAPI.dll
0x00007ffaa2640000 - 0x00007ffaa264b000 	C:\Windows\System32\rasadhlp.dll
0x00007ffaa59f0000 - 0x00007ffaa5a76000 	C:\WINDOWS\System32\fwpuclnt.dll
0x00007ffa783b0000 - 0x00007ffa783b9000 	C:\Users\Dhruvi\.antigravity\extensions\redhat.java-1.52.0-win32-x64\jre\21.0.9-win32-x86_64\bin\extnet.dll

JVMTI agents:
c:\Users\Dhruvi\.antigravity\extensions\redhat.java-1.52.0-win32-x64\lombok\lombok-1.18.39-4050.jar path:c:\Users\Dhruvi\.antigravity\extensions\redhat.java-1.52.0-win32-x64\jre\21.0.9-win32-x86_64\bin\instrument.dll, loaded, initialized, instrumentlib options:none

dbghelp: loaded successfully - version: 4.0.5 - missing functions: none
symbol engine: initialized successfully - sym options: 0x614 - pdb path: .;c:\Users\Dhruvi\.antigravity\extensions\redhat.java-1.52.0-win32-x64\jre\21.0.9-win32-x86_64\bin;C:\WINDOWS\SYSTEM32;C:\WINDOWS\WinSxS\amd64_microsoft.windows.common-controls_6595b64144ccf1df_6.0.26100.7824_none_3e0870b2e3345462;c:\Users\Dhruvi\.antigravity\extensions\redhat.java-1.52.0-win32-x64\jre\21.0.9-win32-x86_64\bin\server;C:\Users\Dhruvi\AppData\Roaming\Antigravity\User\globalStorage\redhat.java\1.52.0\config_win\org.eclipse.equinox.launcher\org.eclipse.equinox.launcher.win32.win32.x86_64_1.2.1500.v20260121-1430;C:\Users\Dhruvi\AppData\Local\Temp\jna-2046340826;C:\Users\Dhruvi\.gradle\native\1def1411415f61bf3af743bc5b6707747c0891f09f0c88961ee8f79bc544acac\windows-amd64

VM Arguments:
jvm_args: --add-modules=ALL-SYSTEM --add-opens=java.base/java.util=ALL-UNNAMED --add-opens=java.base/java.lang=ALL-UNNAMED --add-opens=java.base/sun.nio.fs=ALL-UNNAMED -Declipse.application=org.eclipse.jdt.ls.core.id1 -Dosgi.bundles.defaultStartLevel=4 -Declipse.product=org.eclipse.jdt.ls.core.product -Djava.import.generatesMetadataFilesAtProjectRoot=false -DDetectVMInstallationsJob.disabled=true -Dfile.encoding=utf8 -XX:+UseParallelGC -XX:GCTimeRatio=4 -XX:AdaptiveSizePolicyWeight=90 -Dsun.zip.disableMemoryMapping=true -Xmx2G -Xms100m -Xlog:disable -javaagent:c:\Users\Dhruvi\.antigravity\extensions\redhat.java-1.52.0-win32-x64\lombok\lombok-1.18.39-4050.jar -XX:+HeapDumpOnOutOfMemoryError -XX:HeapDumpPath=c:\Users\Dhruvi\AppData\Roaming\Antigravity\User\workspaceStorage\0adceaf5c8a071a91429f55dcf203c6a\redhat.java -Daether.dependencyCollector.impl=bf 
java_command: c:\Users\Dhruvi\.antigravity\extensions\redhat.java-1.52.0-win32-x64\server\plugins\org.eclipse.equinox.launcher_1.7.100.v20251111-0406.jar -configuration c:\Users\Dhruvi\AppData\Roaming\Antigravity\User\globalStorage\redhat.java\1.52.0\config_win -data c:\Users\Dhruvi\AppData\Roaming\Antigravity\User\workspaceStorage\0adceaf5c8a071a91429f55dcf203c6a\redhat.java\jdt_ws --pipe=\\.\pipe\lsp-98b47285facf30498c6b48e103048f31-sock
java_class_path (initial): c:\Users\Dhruvi\.antigravity\extensions\redhat.java-1.52.0-win32-x64\server\plugins\org.eclipse.equinox.launcher_1.7.100.v20251111-0406.jar
Launcher Type: SUN_STANDARD

[Global flags]
    uintx AdaptiveSizePolicyWeight                 = 90                                        {product} {command line}
     intx CICompilerCount                          = 4                                         {product} {ergonomic}
    uintx GCTimeRatio                              = 4                                         {product} {command line}
     bool HeapDumpOnOutOfMemoryError               = true                                   {manageable} {command line}
    ccstr HeapDumpPath                             = c:\Users\Dhruvi\AppData\Roaming\Antigravity\User\workspaceStorage\0adceaf5c8a071a91429f55dcf203c6a\redhat.java         {manageable} {command line}
   size_t InitialHeapSize                          = 104857600                                 {product} {command line}
   size_t MaxHeapSize                              = 2147483648                                {product} {command line}
   size_t MaxNewSize                               = 715653120                                 {product} {ergonomic}
   size_t MinHeapDeltaBytes                        = 524288                                    {product} {ergonomic}
   size_t MinHeapSize                              = 104857600                                 {product} {command line}
   size_t NewSize                                  = 34603008                                  {product} {ergonomic}
    uintx NonNMethodCodeHeapSize                   = 5839372                                {pd product} {ergonomic}
    uintx NonProfiledCodeHeapSize                  = 122909434                              {pd product} {ergonomic}
   size_t OldSize                                  = 70254592                                  {product} {ergonomic}
    uintx ProfiledCodeHeapSize                     = 122909434                              {pd product} {ergonomic}
    uintx ReservedCodeCacheSize                    = 251658240                              {pd product} {ergonomic}
     bool SegmentedCodeCache                       = true                                      {product} {ergonomic}
   size_t SoftMaxHeapSize                          = 2147483648                             {manageable} {ergonomic}
     bool UseCompressedOops                        = true                           {product lp64_product} {ergonomic}
     bool UseLargePagesIndividualAllocation        = false                                  {pd product} {ergonomic}
     bool UseParallelGC                            = true                                      {product} {command line}

Logging:
Log output configuration:
 #0: stdout all=off uptime,level,tags foldmultilines=false
 #1: stderr all=off uptime,level,tags foldmultilines=false

Release file:
JAVA_VERSION="21.0.9" 
MODULES="java.base java.compiler java.datatransfer java.xml java.prefs java.desktop java.instrument java.logging java.management java.security.sasl java.naming java.rmi java.management.rmi java.net.http java.scripting java.security.jgss java.transaction.xa java.sql java.sql.rowset java.xml.crypto java.se java.smartcardio jdk.accessibility jdk.internal.jvmstat jdk.attach jdk.charsets jdk.internal.opt jdk.zipfs jdk.compiler jdk.crypto.ec jdk.crypto.cryptoki jdk.crypto.mscapi jdk.dynalink jdk.internal.ed jdk.editpad jdk.hotspot.agent jdk.httpserver jdk.internal.le jdk.internal.vm.ci jdk.internal.vm.compiler jdk.internal.vm.compiler.management jdk.jartool jdk.javadoc jdk.jcmd jdk.management jdk.management.agent jdk.jconsole jdk.jdeps jdk.jdwp.agent jdk.jdi jdk.jfr jdk.jshell jdk.jsobject jdk.jstatd jdk.localedata jdk.management.jfr jdk.naming.dns jdk.naming.rmi jdk.net jdk.nio.mapmode jdk.random jdk.sctp jdk.security.auth jdk.security.jgss jdk.unsupported jdk.unsupported.desktop jdk.xml.dom" 

Environment Variables:
PATH=C:\Program Files\Eclipse Adoptium\jdk-17.0.7.7-hotspot\bin;C:\WINDOWS\system32;C:\WINDOWS;C:\WINDOWS\System32\Wbem;C:\WINDOWS\System32\WindowsPowerShell\v1.0\;C:\WINDOWS\System32\OpenSSH\;C:\Program Files\MySQL\MySQL Server 8.0\bin;C:\xampp\php;C:\Program Files\dotnet\;C:\Program Files\Microsoft SQL Server\150\Tools\Binn\;C:\Program Files\Microsoft SQL Server\Client SDK\ODBC\170\Tools\Binn\;E:\Windows Kits\10\Windows Performance Toolkit\;E:\Dhruvi\minGW\bin;E:\Flutter_sdk\flutter;C:\Program Files\Git\cmd;E:\nodejs\;E:\stripe;C:\Program Files\MySQL\MySQL Shell 8.0\bin\;C:\Users\Dhruvi\AppData\Local\Microsoft\WindowsApps;C:\Users\Dhruvi\AppData\Local\Programs\Microsoft VS Code\bin;C:\Users\Dhruvi\.dotnet\tools;C:\Users\Dhruvi\.bun\bin;E:\flutter\flutter\bin;C:\Users\Dhruvi\AppData\Roaming\npm;E:\Dhruvi\Program Files\Antigravity\bin;D:\Softwares\cursor\resources\app\bin;D:\Android\Sdk\platform-tools;D:\Android\Sdk\emulator;;D:\Softwares\Warp\bin;
USERNAME=Dhruvi
OS=Windows_NT
PROCESSOR_IDENTIFIER=Intel64 Family 6 Model 186 Stepping 3, GenuineIntel
TMP=C:\Users\Dhruvi\AppData\Local\Temp
TEMP=C:\Users\Dhruvi\AppData\Local\Temp




Periodic native trim disabled

---------------  S Y S T E M  ---------------

OS:
 Windows 11 , 64 bit Build 26100 (10.0.26100.7705)
OS uptime: 2 days 16:37 hours
Hyper-V role detected

CPU: total 12 (initial active 12) (6 cores per cpu, 2 threads per core) family 6 model 186 stepping 3 microcode 0x410e, cx8, cmov, fxsr, ht, mmx, 3dnowpref, sse, sse2, sse3, ssse3, sse4.1, sse4.2, popcnt, lzcnt, tsc, tscinvbit, avx, avx2, aes, erms, clmul, bmi1, bmi2, adx, sha, fma, vzeroupper, clflush, clflushopt, clwb, hv, serialize, rdtscp, rdpid, fsrm, f16c, cet_ibt, cet_ss
Processor Information for processor 0
  Max Mhz: 1300, Current Mhz: 1300, Mhz Limit: 1300
Processor Information for processor 1
  Max Mhz: 1300, Current Mhz: 1300, Mhz Limit: 1300
Processor Information for processor 2
  Max Mhz: 1300, Current Mhz: 1300, Mhz Limit: 1300
Processor Information for processor 3
  Max Mhz: 1300, Current Mhz: 1300, Mhz Limit: 1300
Processor Information for processor 4
  Max Mhz: 1300, Current Mhz: 900, Mhz Limit: 897
Processor Information for processor 5
  Max Mhz: 1300, Current Mhz: 900, Mhz Limit: 897
Processor Information for processor 6
  Max Mhz: 1300, Current Mhz: 900, Mhz Limit: 897
Processor Information for processor 7
  Max Mhz: 1300, Current Mhz: 900, Mhz Limit: 897
Processor Information for processor 8
  Max Mhz: 1300, Current Mhz: 900, Mhz Limit: 897
Processor Information for processor 9
  Max Mhz: 1300, Current Mhz: 900, Mhz Limit: 897
Processor Information for processor 10
  Max Mhz: 1300, Current Mhz: 900, Mhz Limit: 897
Processor Information for processor 11
  Max Mhz: 1300, Current Mhz: 900, Mhz Limit: 897

Memory: 4k page, system-wide physical 16016M (623M free)
TotalPageFile size 32016M (AvailPageFile size 107M)
current process WorkingSet (physical memory assigned to process): 194M, peak: 376M
current process commit charge ("private bytes"): 604M, peak: 610M

vm_info: OpenJDK 64-Bit Server VM (21.0.9+10-LTS) for windows-amd64 JRE (21.0.9+10-LTS), built on 2025-10-21T00:00:00Z by "admin" with unknown MS VC++:1942

END.
